<?xml version="1.0" encoding="UTF-8"?>
<!-- Generated by org.testng.reporters.JUnitReportReporter -->
<testsuite skipped="0" hostname="IBM-Testing01" name="groupspackage.TestGroup1" tests="4" failures="0" timestamp="08 Jan 2020 08:41:07 GMT" time="0.020" errors="0">
  <testcase name="test1" time="0.020" classname="groupspackage.TestGroup1"/>
  <testcase name="test2" time="0.000" classname="groupspackage.TestGroup1"/>
  <testcase name="test3" time="0.000" classname="groupspackage.TestGroup1"/>
  <testcase name="test4" time="0.000" classname="groupspackage.TestGroup1"/>
</testsuite> <!-- groupspackage.TestGroup1 -->
