<?xml version="1.0" encoding="UTF-8"?>
<!-- Generated by org.testng.reporters.JUnitReportReporter -->
<testsuite skipped="0" hostname="IBM-Testing01" name="listenersDemo.VerifyGooglePageTest" tests="2" failures="0" timestamp="08 Jan 2020 06:22:46 GMT" time="33.901" errors="0">
  <testcase name="checktitle" time="18.104" classname="listenersDemo.VerifyGooglePageTest"/>
  <testcase name="checklogo" time="15.797" classname="listenersDemo.VerifyGooglePageTest"/>
</testsuite> <!-- listenersDemo.VerifyGooglePageTest -->
