<?xml version="1.0" encoding="UTF-8"?>
<!-- Generated by org.testng.reporters.JUnitReportReporter -->
<testsuite skipped="0" hostname="IBM-Testing01" name="groupspackage.TestGroup2" tests="4" failures="0" timestamp="08 Jan 2020 08:34:06 GMT" time="0.026" errors="0">
  <testcase name="test6" time="0.004" classname="groupspackage.TestGroup2"/>
  <testcase name="test8" time="0.005" classname="groupspackage.TestGroup2"/>
  <testcase name="test5" time="0.014" classname="groupspackage.TestGroup2"/>
  <testcase name="test7" time="0.003" classname="groupspackage.TestGroup2"/>
</testsuite> <!-- groupspackage.TestGroup2 -->
