<?xml version="1.0" encoding="UTF-8"?>
<!-- Generated by org.testng.reporters.JUnitReportReporter -->
<testsuite skipped="0" hostname="IBM-Testing01" name="listenersDemoSuite.AlwaysRunDemo" tests="3" failures="0" timestamp="08 Jan 2020 08:38:53 GMT" time="16.399" errors="0">
  <testcase name="checktitle" time="2.406" classname="listenersDemoSuite.AlwaysRunDemo"/>
  <testcase name="startapp" time="12.098" classname="listenersDemoSuite.AlwaysRunDemo"/>
  <testcase name="logoff" time="1.895" classname="listenersDemoSuite.AlwaysRunDemo"/>
</testsuite> <!-- listenersDemoSuite.AlwaysRunDemo -->
