<?xml version="1.0" encoding="UTF-8"?>
<!-- Generated by org.testng.reporters.JUnitReportReporter -->
<testsuite skipped="0" hostname="IBM-Testing01" name="myTestNGPackage.AlwaysRunDemo" tests="3" failures="0" timestamp="08 Jan 2020 03:34:53 GMT" time="19.437" errors="0">
  <testcase name="checktitle" time="3.693" classname="myTestNGPackage.AlwaysRunDemo"/>
  <testcase name="startapp" time="13.700" classname="myTestNGPackage.AlwaysRunDemo"/>
  <testcase name="logoff" time="2.044" classname="myTestNGPackage.AlwaysRunDemo"/>
</testsuite> <!-- myTestNGPackage.AlwaysRunDemo -->
