<?xml version="1.0" encoding="UTF-8"?>
<!-- Generated by org.testng.reporters.JUnitReportReporter -->
<testsuite skipped="0" hostname="IBM-Testing01" name="myTestNGPackage.DataProviderDemo" tests="5" failures="0" timestamp="08 Jan 2020 04:39:22 GMT" time="33.873" errors="0">
  <testcase name="f" time="5.191" classname="myTestNGPackage.DataProviderDemo"/>
  <testcase name="f" time="15.005" classname="myTestNGPackage.DataProviderDemo"/>
  <testcase name="f" time="4.386" classname="myTestNGPackage.DataProviderDemo"/>
  <testcase name="f" time="5.101" classname="myTestNGPackage.DataProviderDemo"/>
  <testcase name="f" time="4.190" classname="myTestNGPackage.DataProviderDemo"/>
</testsuite> <!-- myTestNGPackage.DataProviderDemo -->
