<?xml version="1.0" encoding="UTF-8"?>
<!-- Generated by org.testng.reporters.JUnitReportReporter -->
<testsuite skipped="0" hostname="IBM-Testing01" name="parallelTestDemo.MyParallelDemo" tests="2" failures="0" timestamp="08 Jan 2020 10:11:04 GMT" time="30.996" errors="0">
  <testcase name="startapp" time="13.561" classname="parallelTestDemo.MyParallelDemo"/>
  <testcase name="startapp" time="17.435" classname="parallelTestDemo.MyParallelDemo"/>
</testsuite> <!-- parallelTestDemo.MyParallelDemo -->
