<?xml version="1.0" encoding="UTF-8"?>
<!-- Generated by org.testng.reporters.JUnitReportReporter -->
<testsuite skipped="0" hostname="IBM-Testing01" name="myTestNGPackage.VerifyGooglePageTest" tests="2" failures="0" timestamp="08 Jan 2020 04:16:48 GMT" time="33.949" errors="0">
  <testcase name="checktitle" time="18.153" classname="myTestNGPackage.VerifyGooglePageTest"/>
  <testcase name="checklogo" time="15.796" classname="myTestNGPackage.VerifyGooglePageTest"/>
</testsuite> <!-- myTestNGPackage.VerifyGooglePageTest -->
