<?xml version="1.0" encoding="UTF-8"?>
<!-- Generated by org.testng.reporters.JUnitReportReporter -->
<testsuite skipped="0" hostname="IBM-Testing01" name="myTestNGPackage.DependsonMethodDemo" tests="3" failures="0" timestamp="06 Jan 2020 11:19:29 GMT" time="0.018" errors="0">
  <testcase name="login" time="0.000" classname="myTestNGPackage.DependsonMethodDemo"/>
  <testcase name="logoff" time="0.000" classname="myTestNGPackage.DependsonMethodDemo"/>
  <testcase name="startapp" time="0.018" classname="myTestNGPackage.DependsonMethodDemo"/>
</testsuite> <!-- myTestNGPackage.DependsonMethodDemo -->
