<?xml version="1.0" encoding="UTF-8"?>
<!-- Generated by org.testng.reporters.JUnitReportReporter -->
<testsuite skipped="0" hostname="IBM-Testing01" name="listenersDemoSuite.VerifyGooglePageTest" tests="2" failures="0" timestamp="08 Jan 2020 08:38:53 GMT" time="32.716" errors="0">
  <testcase name="checklogo" time="17.261" classname="listenersDemoSuite.VerifyGooglePageTest"/>
  <testcase name="checktitle" time="15.455" classname="listenersDemoSuite.VerifyGooglePageTest"/>
</testsuite> <!-- listenersDemoSuite.VerifyGooglePageTest -->
